Arguments: 
  /usr/local/bin/node /usr/local/bin/yarn install

PATH: 
  /usr/local/sbin:/usr/local/bin:/usr/sbin:/usr/bin:/sbin:/bin:/usr/games:/usr/local/games:/snap/bin

Yarn version: 
  1.22.19

Node version: 
  12.22.7

Platform: 
  linux x64

Trace: 
  SyntaxError: /home/tleuser/Documents/swn/test/salaryhero_backend/package.json: Unexpected token } in JSON at position 520
      at JSON.parse (<anonymous>)
      at /usr/local/lib/node_modules/yarn/lib/cli.js:1629:59
      at Generator.next (<anonymous>)
      at step (/usr/local/lib/node_modules/yarn/lib/cli.js:310:30)
      at /usr/local/lib/node_modules/yarn/lib/cli.js:321:13

npm manifest: 
  {
    "name": "salaryhero_backend",
    "version": "1.0.0",
    "description": "",
    "main": "index.js",
    "scripts": {
      "test": "echo \"Error: no test specified\" && exit 1",
      "start": "nodemon --exec babel-node ./src/index.js"
    },
    "author": "",
    "license": "ISC",
    "dependencies": {
      "cors": "^2.8.5",
      "express": "^4.18.2",
      "nodemon": "^2.0.20",
      "@babel/cli": "^7.1.2",
      "@babel/core": "^7.1.2",
      "@babel/polyfill": "^7.0.0",
      "@babel/preset-env": "^7.1.0",
      "@babel/node": "^7.0.0",
    }
  }

yarn manifest: 
  No manifest

Lockfile: 
  No lockfile
